<?xml version="1.0" encoding="UTF-8"?>
<testng-results skipped="0" failed="0" ignored="0" total="1" passed="1">
  <reporter-output>
  </reporter-output>
  <suite name="Default suite" duration-ms="8647" started-at="2020-11-04T12:41:41 IST" finished-at="2020-11-04T12:41:49 IST">
    <groups>
    </groups>
    <test name="Default test" duration-ms="8647" started-at="2020-11-04T12:41:41 IST" finished-at="2020-11-04T12:41:49 IST">
      <class name="com.Reqres.test.GetAllUser">
        <test-method status="PASS" signature="getAlluserTest()[pri:0, instance:com.Reqres.test.GetAllUser@396f6598]" name="getAlluserTest" duration-ms="8464" started-at="2020-11-04T12:41:41 IST" finished-at="2020-11-04T12:41:49 IST">
          <reporter-output>
          </reporter-output>
        </test-method> <!-- getAlluserTest -->
      </class> <!-- com.Reqres.test.GetAllUser -->
    </test> <!-- Default test -->
  </suite> <!-- Default suite -->
</testng-results>
